<?xml version="1.0" encoding="UTF-8"?>
<!-- Generated by org.testng.reporters.JUnitXMLReporter -->
<testsuite ignored="0" hostname="LAPTOP-8GDB65Q0" failures="0" tests="2" name="ErrorValidation" time="28.33" errors="0" timestamp="2025-05-12T09:14:55 IST">
  <testcase classname="rahulshettyacademy.Tests.ErrorValidations" name="LoginErrorMessage" time="0.824"/>
  <testcase classname="rahulshettyacademy.Tests.ErrorValidations" name="ProductErrorValidation" time="14.362"/>
</testsuite> <!-- ErrorValidation -->
