<?xml version="1.0" encoding="UTF-8"?>
<!-- Generated by org.testng.reporters.JUnitXMLReporter -->
<testsuite ignored="0" hostname="LAPTOP-8GDB65Q0" failures="0" tests="3" name="Submitorder" time="49.943" errors="0" timestamp="2025-05-12T09:15:16 IST">
  <testcase classname="rahulshettyacademy.Tests.StandAloneTesting" name="SubmitOrder" time="16.514"/>
  <testcase classname="rahulshettyacademy.Tests.StandAloneTesting" name="SubmitOrder" time="15.206"/>
  <testcase classname="rahulshettyacademy.Tests.StandAloneTesting" name="orderHistoryTest" time="0.939"/>
</testsuite> <!-- Submitorder -->
