<?xml version="1.0" encoding="UTF-8"?>
<!-- Generated by org.testng.reporters.JUnitXMLReporter -->
<testsuite ignored="0" hostname="LAPTOP-8GDB65Q0" failures="0" tests="3" name="Submitorder" time="41.215" errors="0" timestamp="2025-05-09T09:15:42 IST">
  <testcase classname="rahulshettyacademy.Tests.StandAloneTesting" name="SubmitOrder" time="15.158"/>
  <testcase classname="rahulshettyacademy.Tests.StandAloneTesting" name="SubmitOrder" time="14.788"/>
  <testcase classname="rahulshettyacademy.Tests.StandAloneTesting" name="orderHistoryTest" time="0.876"/>
</testsuite> <!-- Submitorder -->
