<?xml version="1.0" encoding="UTF-8"?>
<!-- Generated by org.testng.reporters.JUnitXMLReporter -->
<testsuite ignored="1" hostname="LAPTOP-8GDB65Q0" failures="0" tests="2" name="Submitorder" time="45.68" errors="0" timestamp="2025-05-10T15:27:19 IST">
  <testcase classname="rahulshettyacademy.Tests.StandAloneTesting" name="SubmitOrder" time="7.495"/>
  <testcase classname="rahulshettyacademy.Tests.StandAloneTesting" name="SubmitOrder" time="17.809"/>
  <testcase classname="rahulshettyacademy.Tests.StandAloneTesting" name="orderHistoryTest" time="0.0">
    <ignored/>
  </testcase> <!-- orderHistoryTest -->
</testsuite> <!-- Submitorder -->
