<?xml version="1.0" encoding="UTF-8"?>
<!-- Generated by org.testng.reporters.JUnitXMLReporter -->
<testsuite ignored="0" hostname="LAPTOP-8GDB65Q0" failures="0" tests="3" name="Submitorder" time="43.596" errors="0" timestamp="2025-05-12T09:12:21 IST">
  <testcase classname="rahulshettyacademy.Tests.StandAloneTesting" name="SubmitOrder" time="15.957"/>
  <testcase classname="rahulshettyacademy.Tests.StandAloneTesting" name="SubmitOrder" time="14.862"/>
  <testcase classname="rahulshettyacademy.Tests.StandAloneTesting" name="orderHistoryTest" time="1.034"/>
</testsuite> <!-- Submitorder -->
