<?xml version="1.0" encoding="UTF-8"?>
<testng-results ignored="0" total="5" passed="5" failed="0" skipped="0">
  <reporter-output>
  </reporter-output>
  <suite started-at="2025-05-12T09:11:37 IST" name="Suite" finished-at="2025-05-12T09:12:21 IST" duration-ms="43596">
    <groups>
      <group name="ErrorHandling">
        <method signature="ErrorValidations.LoginErrorMessage()[pri:0, instance:rahulshettyacademy.Tests.ErrorValidations@461ad730]" name="LoginErrorMessage" class="rahulshettyacademy.Tests.ErrorValidations"/>
      </group> <!-- ErrorHandling -->
      <group name="Purchase">
        <method signature="StandAloneTesting.SubmitOrder(java.util.HashMap)[pri:0, instance:rahulshettyacademy.Tests.StandAloneTesting@d554c5f]" name="SubmitOrder" class="rahulshettyacademy.Tests.StandAloneTesting"/>
      </group> <!-- Purchase -->
    </groups>
    <test started-at="2025-05-12T09:11:37 IST" name="ErrorValidation" finished-at="2025-05-12T09:12:01 IST" duration-ms="23968">
      <class name="rahulshettyacademy.Tests.ErrorValidations">
        <test-method is-config="true" signature="lunchAplication()[pri:0, instance:rahulshettyacademy.Tests.ErrorValidations@461ad730]" started-at="2025-05-12T09:11:37 IST" name="lunchAplication" finished-at="2025-05-12T09:11:43 IST" duration-ms="5040" status="PASS">
          <reporter-output>
          </reporter-output>
        </test-method> <!-- lunchAplication -->
        <test-method signature="LoginErrorMessage()[pri:0, instance:rahulshettyacademy.Tests.ErrorValidations@461ad730]" started-at="2025-05-12T09:11:43 IST" name="LoginErrorMessage" finished-at="2025-05-12T09:11:43 IST" duration-ms="858" status="PASS">
          <reporter-output>
          </reporter-output>
        </test-method> <!-- LoginErrorMessage -->
        <test-method is-config="true" signature="teardown()[pri:0, instance:rahulshettyacademy.Tests.ErrorValidations@461ad730]" started-at="2025-05-12T09:11:43 IST" name="teardown" finished-at="2025-05-12T09:11:44 IST" duration-ms="416" status="PASS">
          <reporter-output>
          </reporter-output>
        </test-method> <!-- teardown -->
        <test-method is-config="true" signature="lunchAplication()[pri:0, instance:rahulshettyacademy.Tests.ErrorValidations@461ad730]" started-at="2025-05-12T09:11:44 IST" name="lunchAplication" finished-at="2025-05-12T09:11:46 IST" duration-ms="2497" status="PASS">
          <reporter-output>
          </reporter-output>
        </test-method> <!-- lunchAplication -->
        <test-method signature="ProductErrorValidation()[pri:0, instance:rahulshettyacademy.Tests.ErrorValidations@461ad730]" started-at="2025-05-12T09:11:46 IST" name="ProductErrorValidation" finished-at="2025-05-12T09:12:01 IST" duration-ms="14703" status="PASS">
          <reporter-output>
          </reporter-output>
        </test-method> <!-- ProductErrorValidation -->
        <test-method is-config="true" signature="teardown()[pri:0, instance:rahulshettyacademy.Tests.ErrorValidations@461ad730]" started-at="2025-05-12T09:12:01 IST" name="teardown" finished-at="2025-05-12T09:12:01 IST" duration-ms="342" status="PASS">
          <reporter-output>
          </reporter-output>
        </test-method> <!-- teardown -->
      </class> <!-- rahulshettyacademy.Tests.ErrorValidations -->
    </test> <!-- ErrorValidation -->
    <test started-at="2025-05-12T09:11:37 IST" name="Submitorder" finished-at="2025-05-12T09:12:21 IST" duration-ms="43596">
      <class name="rahulshettyacademy.Tests.StandAloneTesting">
        <test-method is-config="true" signature="lunchAplication()[pri:0, instance:rahulshettyacademy.Tests.StandAloneTesting@d554c5f]" started-at="2025-05-12T09:11:38 IST" name="lunchAplication" finished-at="2025-05-12T09:11:43 IST" duration-ms="5444" status="PASS">
          <reporter-output>
          </reporter-output>
        </test-method> <!-- lunchAplication -->
        <test-method signature="SubmitOrder(java.util.HashMap)[pri:0, instance:rahulshettyacademy.Tests.StandAloneTesting@d554c5f]" started-at="2025-05-12T09:11:43 IST" name="SubmitOrder" data-provider="getData" finished-at="2025-05-12T09:11:59 IST" duration-ms="15957" status="PASS">
          <params>
            <param index="0">
              <value>
                <![CDATA[{password=Testing@2802, email=leyvingsuvam7488@gmail.com, productName=ZARA COAT 3}]]>
              </value>
            </param>
          </params>
          <reporter-output>
          </reporter-output>
        </test-method> <!-- SubmitOrder -->
        <test-method is-config="true" signature="teardown()[pri:0, instance:rahulshettyacademy.Tests.StandAloneTesting@d554c5f]" started-at="2025-05-12T09:11:59 IST" name="teardown" finished-at="2025-05-12T09:12:00 IST" duration-ms="255" status="PASS">
          <reporter-output>
          </reporter-output>
        </test-method> <!-- teardown -->
        <test-method is-config="true" signature="lunchAplication()[pri:0, instance:rahulshettyacademy.Tests.StandAloneTesting@d554c5f]" started-at="2025-05-12T09:12:00 IST" name="lunchAplication" finished-at="2025-05-12T09:12:02 IST" duration-ms="2602" status="PASS">
          <reporter-output>
          </reporter-output>
        </test-method> <!-- lunchAplication -->
        <test-method signature="SubmitOrder(java.util.HashMap)[pri:0, instance:rahulshettyacademy.Tests.StandAloneTesting@d554c5f]" started-at="2025-05-12T09:12:02 IST" name="SubmitOrder" data-provider="getData" finished-at="2025-05-12T09:12:17 IST" duration-ms="14862" status="PASS">
          <params>
            <param index="0">
              <value>
                <![CDATA[{password=Biswa@2022, email=biswa.relevel.classes@gmail.com, productName=ADIDAS ORIGINAL}]]>
              </value>
            </param>
          </params>
          <reporter-output>
          </reporter-output>
        </test-method> <!-- SubmitOrder -->
        <test-method is-config="true" signature="teardown()[pri:0, instance:rahulshettyacademy.Tests.StandAloneTesting@d554c5f]" started-at="2025-05-12T09:12:17 IST" name="teardown" finished-at="2025-05-12T09:12:17 IST" duration-ms="306" status="PASS">
          <reporter-output>
          </reporter-output>
        </test-method> <!-- teardown -->
        <test-method is-config="true" signature="lunchAplication()[pri:0, instance:rahulshettyacademy.Tests.StandAloneTesting@d554c5f]" started-at="2025-05-12T09:12:17 IST" name="lunchAplication" finished-at="2025-05-12T09:12:20 IST" duration-ms="2224" status="PASS">
          <reporter-output>
          </reporter-output>
        </test-method> <!-- lunchAplication -->
        <test-method signature="orderHistoryTest()[pri:0, instance:rahulshettyacademy.Tests.StandAloneTesting@d554c5f]" started-at="2025-05-12T09:12:20 IST" name="orderHistoryTest" finished-at="2025-05-12T09:12:21 IST" depends-on-methods="rahulshettyacademy.Tests.StandAloneTesting.SubmitOrder" duration-ms="1034" status="PASS">
          <reporter-output>
          </reporter-output>
        </test-method> <!-- orderHistoryTest -->
        <test-method is-config="true" signature="teardown()[pri:0, instance:rahulshettyacademy.Tests.StandAloneTesting@d554c5f]" started-at="2025-05-12T09:12:21 IST" name="teardown" finished-at="2025-05-12T09:12:21 IST" duration-ms="335" status="PASS">
          <reporter-output>
          </reporter-output>
        </test-method> <!-- teardown -->
      </class> <!-- rahulshettyacademy.Tests.StandAloneTesting -->
    </test> <!-- Submitorder -->
  </suite> <!-- Suite -->
</testng-results>
