<?xml version="1.0" encoding="UTF-8"?>
<testng-results ignored="3" total="5" passed="2" failed="0" skipped="0">
  <reporter-output>
  </reporter-output>
  <suite started-at="2025-05-10T15:26:33 IST" name="Suite" finished-at="2025-05-10T15:27:19 IST" duration-ms="45680">
    <groups>
      <group name="Purchase">
        <method signature="StandAloneTesting.SubmitOrder(java.util.HashMap)[pri:0, instance:rahulshettyacademy.Tests.StandAloneTesting@595b007d]" name="SubmitOrder" class="rahulshettyacademy.Tests.StandAloneTesting"/>
      </group> <!-- Purchase -->
    </groups>
    <test started-at="2025-05-10T15:26:33 IST" name="ErrorValidation" finished-at="2025-05-10T15:26:33 IST" duration-ms="37">
    </test> <!-- ErrorValidation -->
    <test started-at="2025-05-10T15:26:33 IST" name="Submitorder" finished-at="2025-05-10T15:27:19 IST" duration-ms="45680">
      <class name="rahulshettyacademy.Tests.StandAloneTesting">
        <test-method is-config="true" signature="lunchAplication()[pri:0, instance:rahulshettyacademy.Tests.StandAloneTesting@595b007d]" started-at="2025-05-10T15:26:34 IST" name="lunchAplication" finished-at="2025-05-10T15:26:45 IST" duration-ms="11158" status="PASS">
          <reporter-output>
          </reporter-output>
        </test-method> <!-- lunchAplication -->
        <test-method signature="SubmitOrder(java.util.HashMap)[pri:0, instance:rahulshettyacademy.Tests.StandAloneTesting@595b007d]" started-at="2025-05-10T15:26:45 IST" name="SubmitOrder" data-provider="getData" finished-at="2025-05-10T15:26:53 IST" duration-ms="7495" status="PASS">
          <params>
            <param index="0">
              <value>
                <![CDATA[{password=Testing@2802, email=leyvingsuvam7488@gmail.com, productName=ZARA COAT 3}]]>
              </value>
            </param>
          </params>
          <reporter-output>
          </reporter-output>
        </test-method> <!-- SubmitOrder -->
        <test-method is-config="true" signature="teardown()[pri:0, instance:rahulshettyacademy.Tests.StandAloneTesting@595b007d]" started-at="2025-05-10T15:26:53 IST" name="teardown" finished-at="2025-05-10T15:26:53 IST" duration-ms="631" status="PASS">
          <reporter-output>
          </reporter-output>
        </test-method> <!-- teardown -->
        <test-method is-config="true" signature="lunchAplication()[pri:0, instance:rahulshettyacademy.Tests.StandAloneTesting@595b007d]" started-at="2025-05-10T15:26:53 IST" name="lunchAplication" finished-at="2025-05-10T15:27:00 IST" duration-ms="6917" status="PASS">
          <reporter-output>
          </reporter-output>
        </test-method> <!-- lunchAplication -->
        <test-method signature="SubmitOrder(java.util.HashMap)[pri:0, instance:rahulshettyacademy.Tests.StandAloneTesting@595b007d]" started-at="2025-05-10T15:27:00 IST" name="SubmitOrder" data-provider="getData" finished-at="2025-05-10T15:27:18 IST" duration-ms="17809" status="PASS">
          <params>
            <param index="0">
              <value>
                <![CDATA[{password=Biswa@2022, email=biswa.relevel.classes@gmail.com, productName=ADIDAS ORIGINAL}]]>
              </value>
            </param>
          </params>
          <reporter-output>
          </reporter-output>
        </test-method> <!-- SubmitOrder -->
        <test-method is-config="true" signature="teardown()[pri:0, instance:rahulshettyacademy.Tests.StandAloneTesting@595b007d]" started-at="2025-05-10T15:27:18 IST" name="teardown" finished-at="2025-05-10T15:27:19 IST" duration-ms="371" status="PASS">
          <reporter-output>
          </reporter-output>
        </test-method> <!-- teardown -->
      </class> <!-- rahulshettyacademy.Tests.StandAloneTesting -->
    </test> <!-- Submitorder -->
  </suite> <!-- Suite -->
</testng-results>
