<?xml version="1.0" encoding="UTF-8"?>
<testng-results ignored="0" total="5" passed="5" failed="0" skipped="0">
  <reporter-output>
  </reporter-output>
  <suite started-at="2025-05-12T09:14:26 IST" name="Suite" finished-at="2025-05-12T09:15:16 IST" duration-ms="49943">
    <groups>
      <group name="ErrorHandling">
        <method signature="ErrorValidations.LoginErrorMessage()[pri:0, instance:rahulshettyacademy.Tests.ErrorValidations@4d518b32]" name="LoginErrorMessage" class="rahulshettyacademy.Tests.ErrorValidations"/>
      </group> <!-- ErrorHandling -->
      <group name="Purchase">
        <method signature="StandAloneTesting.SubmitOrder(java.util.HashMap)[pri:0, instance:rahulshettyacademy.Tests.StandAloneTesting@222a59e6]" name="SubmitOrder" class="rahulshettyacademy.Tests.StandAloneTesting"/>
      </group> <!-- Purchase -->
    </groups>
    <test started-at="2025-05-12T09:14:26 IST" name="ErrorValidation" finished-at="2025-05-12T09:14:54 IST" duration-ms="28330">
      <class name="rahulshettyacademy.Tests.ErrorValidations">
        <test-method is-config="true" signature="lunchAplication()[pri:0, instance:rahulshettyacademy.Tests.ErrorValidations@4d518b32]" started-at="2025-05-12T09:14:28 IST" name="lunchAplication" finished-at="2025-05-12T09:14:34 IST" duration-ms="6354" status="PASS">
          <reporter-output>
          </reporter-output>
        </test-method> <!-- lunchAplication -->
        <test-method signature="LoginErrorMessage()[pri:0, instance:rahulshettyacademy.Tests.ErrorValidations@4d518b32]" started-at="2025-05-12T09:14:34 IST" name="LoginErrorMessage" finished-at="2025-05-12T09:14:35 IST" duration-ms="824" status="PASS">
          <reporter-output>
          </reporter-output>
        </test-method> <!-- LoginErrorMessage -->
        <test-method is-config="true" signature="teardown()[pri:0, instance:rahulshettyacademy.Tests.ErrorValidations@4d518b32]" started-at="2025-05-12T09:14:35 IST" name="teardown" finished-at="2025-05-12T09:14:36 IST" duration-ms="511" status="PASS">
          <reporter-output>
          </reporter-output>
        </test-method> <!-- teardown -->
        <test-method is-config="true" signature="lunchAplication()[pri:0, instance:rahulshettyacademy.Tests.ErrorValidations@4d518b32]" started-at="2025-05-12T09:14:36 IST" name="lunchAplication" finished-at="2025-05-12T09:14:39 IST" duration-ms="3638" status="PASS">
          <reporter-output>
          </reporter-output>
        </test-method> <!-- lunchAplication -->
        <test-method signature="ProductErrorValidation()[pri:0, instance:rahulshettyacademy.Tests.ErrorValidations@4d518b32]" started-at="2025-05-12T09:14:39 IST" name="ProductErrorValidation" finished-at="2025-05-12T09:14:54 IST" duration-ms="14362" status="PASS">
          <reporter-output>
          </reporter-output>
        </test-method> <!-- ProductErrorValidation -->
        <test-method is-config="true" signature="teardown()[pri:0, instance:rahulshettyacademy.Tests.ErrorValidations@4d518b32]" started-at="2025-05-12T09:14:54 IST" name="teardown" finished-at="2025-05-12T09:14:54 IST" duration-ms="480" status="PASS">
          <reporter-output>
          </reporter-output>
        </test-method> <!-- teardown -->
      </class> <!-- rahulshettyacademy.Tests.ErrorValidations -->
    </test> <!-- ErrorValidation -->
    <test started-at="2025-05-12T09:14:26 IST" name="Submitorder" finished-at="2025-05-12T09:15:16 IST" duration-ms="49943">
      <class name="rahulshettyacademy.Tests.StandAloneTesting">
        <test-method is-config="true" signature="lunchAplication()[pri:0, instance:rahulshettyacademy.Tests.StandAloneTesting@222a59e6]" started-at="2025-05-12T09:14:28 IST" name="lunchAplication" finished-at="2025-05-12T09:14:35 IST" duration-ms="6567" status="PASS">
          <reporter-output>
          </reporter-output>
        </test-method> <!-- lunchAplication -->
        <test-method signature="SubmitOrder(java.util.HashMap)[pri:0, instance:rahulshettyacademy.Tests.StandAloneTesting@222a59e6]" started-at="2025-05-12T09:14:35 IST" name="SubmitOrder" data-provider="getData" finished-at="2025-05-12T09:14:51 IST" duration-ms="16514" status="PASS">
          <params>
            <param index="0">
              <value>
                <![CDATA[{password=Testing@2802, email=leyvingsuvam7488@gmail.com, productName=ZARA COAT 3}]]>
              </value>
            </param>
          </params>
          <reporter-output>
          </reporter-output>
        </test-method> <!-- SubmitOrder -->
        <test-method is-config="true" signature="teardown()[pri:0, instance:rahulshettyacademy.Tests.StandAloneTesting@222a59e6]" started-at="2025-05-12T09:14:51 IST" name="teardown" finished-at="2025-05-12T09:14:52 IST" duration-ms="304" status="PASS">
          <reporter-output>
          </reporter-output>
        </test-method> <!-- teardown -->
        <test-method is-config="true" signature="lunchAplication()[pri:0, instance:rahulshettyacademy.Tests.StandAloneTesting@222a59e6]" started-at="2025-05-12T09:14:52 IST" name="lunchAplication" finished-at="2025-05-12T09:14:55 IST" duration-ms="3674" status="PASS">
          <reporter-output>
          </reporter-output>
        </test-method> <!-- lunchAplication -->
        <test-method signature="SubmitOrder(java.util.HashMap)[pri:0, instance:rahulshettyacademy.Tests.StandAloneTesting@222a59e6]" started-at="2025-05-12T09:14:55 IST" name="SubmitOrder" data-provider="getData" finished-at="2025-05-12T09:15:11 IST" duration-ms="15206" status="PASS">
          <params>
            <param index="0">
              <value>
                <![CDATA[{password=Biswa@2022, email=biswa.relevel.classes@gmail.com, productName=ADIDAS ORIGINAL}]]>
              </value>
            </param>
          </params>
          <reporter-output>
          </reporter-output>
        </test-method> <!-- SubmitOrder -->
        <test-method is-config="true" signature="teardown()[pri:0, instance:rahulshettyacademy.Tests.StandAloneTesting@222a59e6]" started-at="2025-05-12T09:15:11 IST" name="teardown" finished-at="2025-05-12T09:15:11 IST" duration-ms="287" status="PASS">
          <reporter-output>
          </reporter-output>
        </test-method> <!-- teardown -->
        <test-method is-config="true" signature="lunchAplication()[pri:0, instance:rahulshettyacademy.Tests.StandAloneTesting@222a59e6]" started-at="2025-05-12T09:15:11 IST" name="lunchAplication" finished-at="2025-05-12T09:15:14 IST" duration-ms="3674" status="PASS">
          <reporter-output>
          </reporter-output>
        </test-method> <!-- lunchAplication -->
        <test-method signature="orderHistoryTest()[pri:0, instance:rahulshettyacademy.Tests.StandAloneTesting@222a59e6]" started-at="2025-05-12T09:15:14 IST" name="orderHistoryTest" finished-at="2025-05-12T09:15:15 IST" depends-on-methods="rahulshettyacademy.Tests.StandAloneTesting.SubmitOrder" duration-ms="939" status="PASS">
          <reporter-output>
          </reporter-output>
        </test-method> <!-- orderHistoryTest -->
        <test-method is-config="true" signature="teardown()[pri:0, instance:rahulshettyacademy.Tests.StandAloneTesting@222a59e6]" started-at="2025-05-12T09:15:15 IST" name="teardown" finished-at="2025-05-12T09:15:16 IST" duration-ms="203" status="PASS">
          <reporter-output>
          </reporter-output>
        </test-method> <!-- teardown -->
      </class> <!-- rahulshettyacademy.Tests.StandAloneTesting -->
    </test> <!-- Submitorder -->
  </suite> <!-- Suite -->
</testng-results>
